New Connection! "591"
New Connection! "619"
Connection 619 sending message "asdasd" to other connection
Connection 619 has disconnected
Connection 591 has disconnected
New Connection! "653"
New Connection! "656"
Connection 653 sending message "asdasds" to other connection
Connection 656 has disconnected
Connection 653 has disconnected
New Connection! "659"
New Connection! "662"
Connection 662 has disconnected
New Connection! "665"
Connection 665 sending message "asdas" to other connection
Connection 665 sending message "asdas" to other connection
Connection 659 sending message "zxcz" to other connection
Connection 659 sending message "" to other connection
Connection 665 sending message "xcx" to other connection
Connection 659 has disconnected
Connection 665 has disconnected
New Connection! "668"
New Connection! "671"
Connection 671 sending message "asdasd" to other connection
Connection 671 sending message "asdasd" to other connection
Connection 668 has disconnected
New Connection! "674"
Connection 671 has disconnected
New Connection! "677"
Connection 674 has disconnected
New Connection! "680"
Connection 677 has disconnected
New Connection! "683"
Connection 683 sending message "asdasdas" to other connection
Connection 680 sending message "asdasdsa" to other connection
Connection 683 has disconnected
Connection 680 has disconnected
New Connection! "686"
New Connection! "689"
Connection 689 sending message "asdas" to other connection
Connection 689 sending message "asdas" to other connection
Connection 689 sending message "" to other connection
Connection 689 has disconnected
Connection 686 has disconnected
New Connection! "692"
New Connection! "695"
Connection 695 sending message "asdas" to other connection
Connection 695 sending message "asca" to other connection
Connection 692 has disconnected
New Connection! "698"
Connection 698 has disconnected
New Connection! "701"
Connection 701 has disconnected
New Connection! "704"
Connection 704 has disconnected
New Connection! "707"
Connection 707 has disconnected
New Connection! "710"
Connection 710 has disconnected
New Connection! "713"
Connection 713 has disconnected
New Connection! "716"
Connection 716 has disconnected
